python mnist_explore.py
21,840 total parameters.
Train Epoch: 1 [0/60000 (0%)]	Loss: 4.795946
Train Epoch: 1 [640/60000 (1%)]	Loss: 2.727864
Train Epoch: 1 [1280/60000 (2%)]	Loss: 2.784265
Train Epoch: 1 [1920/60000 (3%)]	Loss: 2.532499
Train Epoch: 1 [2560/60000 (4%)]	Loss: 2.443420
Train Epoch: 1 [3200/60000 (5%)]	Loss: 2.249987
Train Epoch: 1 [3840/60000 (6%)]	Loss: 2.262246
Train Epoch: 1 [4480/60000 (7%)]	Loss: 2.230526
Train Epoch: 1 [5120/60000 (9%)]	Loss: 2.284287
Train Epoch: 1 [5760/60000 (10%)]	Loss: 2.214678
Train Epoch: 1 [6400/60000 (11%)]	Loss: 2.350899
Train Epoch: 1 [7040/60000 (12%)]	Loss: 2.162855
Train Epoch: 1 [7680/60000 (13%)]	Loss: 2.230019
Train Epoch: 1 [8320/60000 (14%)]	Loss: 2.203235
Train Epoch: 1 [8960/60000 (15%)]	Loss: 2.064238
Train Epoch: 1 [9600/60000 (16%)]	Loss: 2.232907
Train Epoch: 1 [10240/60000 (17%)]	Loss: 1.998667
Train Epoch: 1 [10880/60000 (18%)]	Loss: 2.085812
Train Epoch: 1 [11520/60000 (19%)]	Loss: 2.169614
Train Epoch: 1 [12160/60000 (20%)]	Loss: 1.867706
Train Epoch: 1 [12800/60000 (21%)]	Loss: 2.051195
Train Epoch: 1 [13440/60000 (22%)]	Loss: 1.928185
Train Epoch: 1 [14080/60000 (23%)]	Loss: 2.055633
Train Epoch: 1 [14720/60000 (25%)]	Loss: 2.158811
Train Epoch: 1 [15360/60000 (26%)]	Loss: 1.930996
Train Epoch: 1 [16000/60000 (27%)]	Loss: 2.037057
Train Epoch: 1 [16640/60000 (28%)]	Loss: 1.816759
Train Epoch: 1 [17280/60000 (29%)]	Loss: 1.671689
Train Epoch: 1 [17920/60000 (30%)]	Loss: 1.834567
Train Epoch: 1 [18560/60000 (31%)]	Loss: 1.871790
Train Epoch: 1 [19200/60000 (32%)]	Loss: 1.894995
Train Epoch: 1 [19840/60000 (33%)]	Loss: 1.686700
Train Epoch: 1 [20480/60000 (34%)]	Loss: 1.808760
Train Epoch: 1 [21120/60000 (35%)]	Loss: 1.804751
Train Epoch: 1 [21760/60000 (36%)]	Loss: 1.638528
Train Epoch: 1 [22400/60000 (37%)]	Loss: 1.692577
Train Epoch: 1 [23040/60000 (38%)]	Loss: 1.856540
Train Epoch: 1 [23680/60000 (39%)]	Loss: 1.872266
Train Epoch: 1 [24320/60000 (41%)]	Loss: 1.661971
Train Epoch: 1 [24960/60000 (42%)]	Loss: 1.840610
Train Epoch: 1 [25600/60000 (43%)]	Loss: 1.792614
Train Epoch: 1 [26240/60000 (44%)]	Loss: 1.600633
Train Epoch: 1 [26880/60000 (45%)]	Loss: 1.791358
Train Epoch: 1 [27520/60000 (46%)]	Loss: 1.585756
Train Epoch: 1 [28160/60000 (47%)]	Loss: 1.765842
Train Epoch: 1 [28800/60000 (48%)]	Loss: 1.577520
Train Epoch: 1 [29440/60000 (49%)]	Loss: 1.595020
Train Epoch: 1 [30080/60000 (50%)]	Loss: 2.023032
Train Epoch: 1 [30720/60000 (51%)]	Loss: 1.768402
Train Epoch: 1 [31360/60000 (52%)]	Loss: 1.744034
Train Epoch: 1 [32000/60000 (53%)]	Loss: 1.508467
Train Epoch: 1 [32640/60000 (54%)]	Loss: 1.517853
Train Epoch: 1 [33280/60000 (55%)]	Loss: 1.652468
Train Epoch: 1 [33920/60000 (57%)]	Loss: 1.701068
Train Epoch: 1 [34560/60000 (58%)]	Loss: 1.680328
Train Epoch: 1 [35200/60000 (59%)]	Loss: 1.725500
Train Epoch: 1 [35840/60000 (60%)]	Loss: 1.796401
Train Epoch: 1 [36480/60000 (61%)]	Loss: 1.575432
Train Epoch: 1 [37120/60000 (62%)]	Loss: 1.721305
Train Epoch: 1 [37760/60000 (63%)]	Loss: 1.527222
Train Epoch: 1 [38400/60000 (64%)]	Loss: 1.467591
Train Epoch: 1 [39040/60000 (65%)]	Loss: 1.370402
Train Epoch: 1 [39680/60000 (66%)]	Loss: 1.686274
Train Epoch: 1 [40320/60000 (67%)]	Loss: 1.440812
Train Epoch: 1 [40960/60000 (68%)]	Loss: 1.604560
Train Epoch: 1 [41600/60000 (69%)]	Loss: 1.506164
Train Epoch: 1 [42240/60000 (70%)]	Loss: 1.733461
Train Epoch: 1 [42880/60000 (71%)]	Loss: 1.665159
Train Epoch: 1 [43520/60000 (72%)]	Loss: 1.418774
Train Epoch: 1 [44160/60000 (74%)]	Loss: 1.401505
Train Epoch: 1 [44800/60000 (75%)]	Loss: 1.832552
Train Epoch: 1 [45440/60000 (76%)]	Loss: 1.441673
Train Epoch: 1 [46080/60000 (77%)]	Loss: 1.470686
Train Epoch: 1 [46720/60000 (78%)]	Loss: 1.566401
Train Epoch: 1 [47360/60000 (79%)]	Loss: 1.559840
Train Epoch: 1 [48000/60000 (80%)]	Loss: 1.447400
Train Epoch: 1 [48640/60000 (81%)]	Loss: 1.443849
Train Epoch: 1 [49280/60000 (82%)]	Loss: 1.330684
Train Epoch: 1 [49920/60000 (83%)]	Loss: 1.446427
Train Epoch: 1 [50560/60000 (84%)]	Loss: 1.421076
Train Epoch: 1 [51200/60000 (85%)]	Loss: 1.499519
Train Epoch: 1 [51840/60000 (86%)]	Loss: 1.435505
Train Epoch: 1 [52480/60000 (87%)]	Loss: 1.144931
Train Epoch: 1 [53120/60000 (88%)]	Loss: 1.496196
Train Epoch: 1 [53760/60000 (90%)]	Loss: 1.301238
Train Epoch: 1 [54400/60000 (91%)]	Loss: 1.493232
Train Epoch: 1 [55040/60000 (92%)]	Loss: 1.567834
Train Epoch: 1 [55680/60000 (93%)]	Loss: 1.371566
Train Epoch: 1 [56320/60000 (94%)]	Loss: 1.553696
Train Epoch: 1 [56960/60000 (95%)]	Loss: 1.415912
Train Epoch: 1 [57600/60000 (96%)]	Loss: 1.443190
Train Epoch: 1 [58240/60000 (97%)]	Loss: 1.333005
Train Epoch: 1 [58880/60000 (98%)]	Loss: 1.013858
Train Epoch: 1 [59520/60000 (99%)]	Loss: 1.079121

Test set: Average loss: 0.9594, Accuracy: 7327/10000 (73%)

Train Epoch: 2 [0/60000 (0%)]	Loss: 1.425892
Train Epoch: 2 [640/60000 (1%)]	Loss: 1.507922
Train Epoch: 2 [1280/60000 (2%)]	Loss: 1.304329
Train Epoch: 2 [1920/60000 (3%)]	Loss: 1.226533
Train Epoch: 2 [2560/60000 (4%)]	Loss: 1.272726
Train Epoch: 2 [3200/60000 (5%)]	Loss: 1.315077
Train Epoch: 2 [3840/60000 (6%)]	Loss: 1.082060
Train Epoch: 2 [4480/60000 (7%)]	Loss: 1.326860
Train Epoch: 2 [5120/60000 (9%)]	Loss: 1.324744
Train Epoch: 2 [5760/60000 (10%)]	Loss: 1.371979
Train Epoch: 2 [6400/60000 (11%)]	Loss: 1.288702
Train Epoch: 2 [7040/60000 (12%)]	Loss: 1.490608
Train Epoch: 2 [7680/60000 (13%)]	Loss: 1.227928
Train Epoch: 2 [8320/60000 (14%)]	Loss: 1.233466
Train Epoch: 2 [8960/60000 (15%)]	Loss: 1.077867
Train Epoch: 2 [9600/60000 (16%)]	Loss: 1.465514
Train Epoch: 2 [10240/60000 (17%)]	Loss: 1.304065
Train Epoch: 2 [10880/60000 (18%)]	Loss: 1.384826
Train Epoch: 2 [11520/60000 (19%)]	Loss: 1.262913
Train Epoch: 2 [12160/60000 (20%)]	Loss: 1.198872
Train Epoch: 2 [12800/60000 (21%)]	Loss: 1.469145
Train Epoch: 2 [13440/60000 (22%)]	Loss: 1.098917
Train Epoch: 2 [14080/60000 (23%)]	Loss: 1.416824
Train Epoch: 2 [14720/60000 (25%)]	Loss: 1.699856
Train Epoch: 2 [15360/60000 (26%)]	Loss: 1.357222
Train Epoch: 2 [16000/60000 (27%)]	Loss: 1.622881
Train Epoch: 2 [16640/60000 (28%)]	Loss: 1.187919
Train Epoch: 2 [17280/60000 (29%)]	Loss: 1.164913
Train Epoch: 2 [17920/60000 (30%)]	Loss: 1.092372
Train Epoch: 2 [18560/60000 (31%)]	Loss: 1.282626
Train Epoch: 2 [19200/60000 (32%)]	Loss: 1.258106
Train Epoch: 2 [19840/60000 (33%)]	Loss: 1.190651
Train Epoch: 2 [20480/60000 (34%)]	Loss: 1.260585
Train Epoch: 2 [21120/60000 (35%)]	Loss: 1.362190
Train Epoch: 2 [21760/60000 (36%)]	Loss: 0.827551
Train Epoch: 2 [22400/60000 (37%)]	Loss: 1.442098
Train Epoch: 2 [23040/60000 (38%)]	Loss: 1.503040
Train Epoch: 2 [23680/60000 (39%)]	Loss: 1.481476
Train Epoch: 2 [24320/60000 (41%)]	Loss: 1.354372
Train Epoch: 2 [24960/60000 (42%)]	Loss: 1.310265
Train Epoch: 2 [25600/60000 (43%)]	Loss: 1.494607
Train Epoch: 2 [26240/60000 (44%)]	Loss: 1.286710
Train Epoch: 2 [26880/60000 (45%)]	Loss: 1.494664
Train Epoch: 2 [27520/60000 (46%)]	Loss: 1.028471
Train Epoch: 2 [28160/60000 (47%)]	Loss: 1.380586
Train Epoch: 2 [28800/60000 (48%)]	Loss: 1.120789
Train Epoch: 2 [29440/60000 (49%)]	Loss: 1.158981
Train Epoch: 2 [30080/60000 (50%)]	Loss: 1.519728
Train Epoch: 2 [30720/60000 (51%)]	Loss: 1.430063
Train Epoch: 2 [31360/60000 (52%)]	Loss: 1.491060
Train Epoch: 2 [32000/60000 (53%)]	Loss: 1.294720
Train Epoch: 2 [32640/60000 (54%)]	Loss: 1.218450
Train Epoch: 2 [33280/60000 (55%)]	Loss: 1.461259
Train Epoch: 2 [33920/60000 (57%)]	Loss: 1.125306
Train Epoch: 2 [34560/60000 (58%)]	Loss: 1.316983
Train Epoch: 2 [35200/60000 (59%)]	Loss: 1.061851
Train Epoch: 2 [35840/60000 (60%)]	Loss: 1.312737
Train Epoch: 2 [36480/60000 (61%)]	Loss: 1.323511
Train Epoch: 2 [37120/60000 (62%)]	Loss: 1.444862
Train Epoch: 2 [37760/60000 (63%)]	Loss: 1.777377
Train Epoch: 2 [38400/60000 (64%)]	Loss: 1.153014
Train Epoch: 2 [39040/60000 (65%)]	Loss: 0.958191
Train Epoch: 2 [39680/60000 (66%)]	Loss: 1.437288
Train Epoch: 2 [40320/60000 (67%)]	Loss: 1.128785
Train Epoch: 2 [40960/60000 (68%)]	Loss: 1.165969
Train Epoch: 2 [41600/60000 (69%)]	Loss: 1.127484
Train Epoch: 2 [42240/60000 (70%)]	Loss: 1.427696
Train Epoch: 2 [42880/60000 (71%)]	Loss: 1.407433
Train Epoch: 2 [43520/60000 (72%)]	Loss: 1.092044
Train Epoch: 2 [44160/60000 (74%)]	Loss: 1.111077
Train Epoch: 2 [44800/60000 (75%)]	Loss: 1.325134
Train Epoch: 2 [45440/60000 (76%)]	Loss: 1.349151
Train Epoch: 2 [46080/60000 (77%)]	Loss: 1.263001
Train Epoch: 2 [46720/60000 (78%)]	Loss: 1.385953
Train Epoch: 2 [47360/60000 (79%)]	Loss: 1.230364
Train Epoch: 2 [48000/60000 (80%)]	Loss: 1.353450
Train Epoch: 2 [48640/60000 (81%)]	Loss: 1.571687
Train Epoch: 2 [49280/60000 (82%)]	Loss: 1.062738
Train Epoch: 2 [49920/60000 (83%)]	Loss: 1.453367
Train Epoch: 2 [50560/60000 (84%)]	Loss: 1.049612
Train Epoch: 2 [51200/60000 (85%)]	Loss: 1.341400
Train Epoch: 2 [51840/60000 (86%)]	Loss: 0.967396
Train Epoch: 2 [52480/60000 (87%)]	Loss: 1.004586
Train Epoch: 2 [53120/60000 (88%)]	Loss: 1.108649
Train Epoch: 2 [53760/60000 (90%)]	Loss: 1.013918
Train Epoch: 2 [54400/60000 (91%)]	Loss: 1.148097
Train Epoch: 2 [55040/60000 (92%)]	Loss: 1.037795
Train Epoch: 2 [55680/60000 (93%)]	Loss: 1.264025
Train Epoch: 2 [56320/60000 (94%)]	Loss: 1.227148
Train Epoch: 2 [56960/60000 (95%)]	Loss: 1.143395
Train Epoch: 2 [57600/60000 (96%)]	Loss: 1.127070
Train Epoch: 2 [58240/60000 (97%)]	Loss: 1.104513
Train Epoch: 2 [58880/60000 (98%)]	Loss: 0.853255
Train Epoch: 2 [59520/60000 (99%)]	Loss: 0.975323

Test set: Average loss: 0.6873, Accuracy: 7995/10000 (80%)

Train Epoch: 3 [0/60000 (0%)]	Loss: 1.276011
Train Epoch: 3 [640/60000 (1%)]	Loss: 1.129704
Train Epoch: 3 [1280/60000 (2%)]	Loss: 1.143702
Train Epoch: 3 [1920/60000 (3%)]	Loss: 1.118275
Train Epoch: 3 [2560/60000 (4%)]	Loss: 0.986804
Train Epoch: 3 [3200/60000 (5%)]	Loss: 1.160361
Train Epoch: 3 [3840/60000 (6%)]	Loss: 0.924448
Train Epoch: 3 [4480/60000 (7%)]	Loss: 1.116872
Train Epoch: 3 [5120/60000 (9%)]	Loss: 1.238943
Train Epoch: 3 [5760/60000 (10%)]	Loss: 1.008603
Train Epoch: 3 [6400/60000 (11%)]	Loss: 1.122773
Train Epoch: 3 [7040/60000 (12%)]	Loss: 1.225067
Train Epoch: 3 [7680/60000 (13%)]	Loss: 1.245968
Train Epoch: 3 [8320/60000 (14%)]	Loss: 1.168565
Train Epoch: 3 [8960/60000 (15%)]	Loss: 0.974818
Train Epoch: 3 [9600/60000 (16%)]	Loss: 1.079231
Train Epoch: 3 [10240/60000 (17%)]	Loss: 1.175386
Train Epoch: 3 [10880/60000 (18%)]	Loss: 1.212729
Train Epoch: 3 [11520/60000 (19%)]	Loss: 1.349111
Train Epoch: 3 [12160/60000 (20%)]	Loss: 1.121330
Train Epoch: 3 [12800/60000 (21%)]	Loss: 1.055106
Train Epoch: 3 [13440/60000 (22%)]	Loss: 1.109610
Train Epoch: 3 [14080/60000 (23%)]	Loss: 1.193255
Train Epoch: 3 [14720/60000 (25%)]	Loss: 1.459025
Train Epoch: 3 [15360/60000 (26%)]	Loss: 1.137257
Train Epoch: 3 [16000/60000 (27%)]	Loss: 1.281618
Train Epoch: 3 [16640/60000 (28%)]	Loss: 1.159302
Train Epoch: 3 [17280/60000 (29%)]	Loss: 0.967619
Train Epoch: 3 [17920/60000 (30%)]	Loss: 0.965728
Train Epoch: 3 [18560/60000 (31%)]	Loss: 1.104971
Train Epoch: 3 [19200/60000 (32%)]	Loss: 1.173028
Train Epoch: 3 [19840/60000 (33%)]	Loss: 1.165580
Train Epoch: 3 [20480/60000 (34%)]	Loss: 0.847469
Train Epoch: 3 [21120/60000 (35%)]	Loss: 1.112148
Train Epoch: 3 [21760/60000 (36%)]	Loss: 0.790375
Train Epoch: 3 [22400/60000 (37%)]	Loss: 1.278906
Train Epoch: 3 [23040/60000 (38%)]	Loss: 1.294085
Train Epoch: 3 [23680/60000 (39%)]	Loss: 1.255466
Train Epoch: 3 [24320/60000 (41%)]	Loss: 1.061181
Train Epoch: 3 [24960/60000 (42%)]	Loss: 1.048208
Train Epoch: 3 [25600/60000 (43%)]	Loss: 1.114028
Train Epoch: 3 [26240/60000 (44%)]	Loss: 1.071414
Train Epoch: 3 [26880/60000 (45%)]	Loss: 1.279742
Train Epoch: 3 [27520/60000 (46%)]	Loss: 0.948009
Train Epoch: 3 [28160/60000 (47%)]	Loss: 1.206148
Train Epoch: 3 [28800/60000 (48%)]	Loss: 1.093718
Train Epoch: 3 [29440/60000 (49%)]	Loss: 0.927488
Train Epoch: 3 [30080/60000 (50%)]	Loss: 1.460134
Train Epoch: 3 [30720/60000 (51%)]	Loss: 1.246846
Train Epoch: 3 [31360/60000 (52%)]	Loss: 1.455713
Train Epoch: 3 [32000/60000 (53%)]	Loss: 1.139754
Train Epoch: 3 [32640/60000 (54%)]	Loss: 1.230810
Train Epoch: 3 [33280/60000 (55%)]	Loss: 1.220767
Train Epoch: 3 [33920/60000 (57%)]	Loss: 1.099180
Train Epoch: 3 [34560/60000 (58%)]	Loss: 0.978206
Train Epoch: 3 [35200/60000 (59%)]	Loss: 1.220744
Train Epoch: 3 [35840/60000 (60%)]	Loss: 1.253732
Train Epoch: 3 [36480/60000 (61%)]	Loss: 1.117315
Train Epoch: 3 [37120/60000 (62%)]	Loss: 1.161644
Train Epoch: 3 [37760/60000 (63%)]	Loss: 1.282948
Train Epoch: 3 [38400/60000 (64%)]	Loss: 1.006132
Train Epoch: 3 [39040/60000 (65%)]	Loss: 0.818070
Train Epoch: 3 [39680/60000 (66%)]	Loss: 1.048563
Train Epoch: 3 [40320/60000 (67%)]	Loss: 0.950657
Train Epoch: 3 [40960/60000 (68%)]	Loss: 1.100935
Train Epoch: 3 [41600/60000 (69%)]	Loss: 1.035423
Train Epoch: 3 [42240/60000 (70%)]	Loss: 1.163817
Train Epoch: 3 [42880/60000 (71%)]	Loss: 1.194404
Train Epoch: 3 [43520/60000 (72%)]	Loss: 0.980803
Train Epoch: 3 [44160/60000 (74%)]	Loss: 1.056777
Train Epoch: 3 [44800/60000 (75%)]	Loss: 0.969196
Train Epoch: 3 [45440/60000 (76%)]	Loss: 1.199843
Train Epoch: 3 [46080/60000 (77%)]	Loss: 0.994455
Train Epoch: 3 [46720/60000 (78%)]	Loss: 1.314101
Train Epoch: 3 [47360/60000 (79%)]	Loss: 1.030099
Train Epoch: 3 [48000/60000 (80%)]	Loss: 1.005183
Train Epoch: 3 [48640/60000 (81%)]	Loss: 1.161140
Train Epoch: 3 [49280/60000 (82%)]	Loss: 0.877831
Train Epoch: 3 [49920/60000 (83%)]	Loss: 1.282434
Train Epoch: 3 [50560/60000 (84%)]	Loss: 0.994352
Train Epoch: 3 [51200/60000 (85%)]	Loss: 1.217699
Train Epoch: 3 [51840/60000 (86%)]	Loss: 0.894371
Train Epoch: 3 [52480/60000 (87%)]	Loss: 0.953993
Train Epoch: 3 [53120/60000 (88%)]	Loss: 1.164108
Train Epoch: 3 [53760/60000 (90%)]	Loss: 0.682648
Train Epoch: 3 [54400/60000 (91%)]	Loss: 1.124475
Train Epoch: 3 [55040/60000 (92%)]	Loss: 1.187419
Train Epoch: 3 [55680/60000 (93%)]	Loss: 1.120505
Train Epoch: 3 [56320/60000 (94%)]	Loss: 0.964340
Train Epoch: 3 [56960/60000 (95%)]	Loss: 1.243925
Train Epoch: 3 [57600/60000 (96%)]	Loss: 1.124788
Train Epoch: 3 [58240/60000 (97%)]	Loss: 1.045227
Train Epoch: 3 [58880/60000 (98%)]	Loss: 0.781124
Train Epoch: 3 [59520/60000 (99%)]	Loss: 0.804895

Test set: Average loss: 0.6148, Accuracy: 8355/10000 (84%)

Train Epoch: 4 [0/60000 (0%)]	Loss: 1.001237
Train Epoch: 4 [640/60000 (1%)]	Loss: 1.228439
Train Epoch: 4 [1280/60000 (2%)]	Loss: 0.989308
Train Epoch: 4 [1920/60000 (3%)]	Loss: 0.828677
Train Epoch: 4 [2560/60000 (4%)]	Loss: 0.879987
Train Epoch: 4 [3200/60000 (5%)]	Loss: 0.878171
Train Epoch: 4 [3840/60000 (6%)]	Loss: 0.765888
Train Epoch: 4 [4480/60000 (7%)]	Loss: 1.066551
Train Epoch: 4 [5120/60000 (9%)]	Loss: 1.329672
Train Epoch: 4 [5760/60000 (10%)]	Loss: 1.141109
Train Epoch: 4 [6400/60000 (11%)]	Loss: 1.056407
Train Epoch: 4 [7040/60000 (12%)]	Loss: 1.186979
Train Epoch: 4 [7680/60000 (13%)]	Loss: 1.095650
Train Epoch: 4 [8320/60000 (14%)]	Loss: 1.270293
Train Epoch: 4 [8960/60000 (15%)]	Loss: 0.871249
Train Epoch: 4 [9600/60000 (16%)]	Loss: 0.955016
Train Epoch: 4 [10240/60000 (17%)]	Loss: 1.155895
Train Epoch: 4 [10880/60000 (18%)]	Loss: 1.079314
Train Epoch: 4 [11520/60000 (19%)]	Loss: 1.122403
Train Epoch: 4 [12160/60000 (20%)]	Loss: 1.075661
Train Epoch: 4 [12800/60000 (21%)]	Loss: 0.962726
Train Epoch: 4 [13440/60000 (22%)]	Loss: 0.964400
Train Epoch: 4 [14080/60000 (23%)]	Loss: 1.086442
Train Epoch: 4 [14720/60000 (25%)]	Loss: 1.307319
Train Epoch: 4 [15360/60000 (26%)]	Loss: 0.812844
Train Epoch: 4 [16000/60000 (27%)]	Loss: 1.238436
Train Epoch: 4 [16640/60000 (28%)]	Loss: 1.165399
Train Epoch: 4 [17280/60000 (29%)]	Loss: 0.891814
Train Epoch: 4 [17920/60000 (30%)]	Loss: 1.018669
Train Epoch: 4 [18560/60000 (31%)]	Loss: 0.948359
Train Epoch: 4 [19200/60000 (32%)]	Loss: 1.112609
Train Epoch: 4 [19840/60000 (33%)]	Loss: 1.089237
Train Epoch: 4 [20480/60000 (34%)]	Loss: 0.822229
Train Epoch: 4 [21120/60000 (35%)]	Loss: 0.973281
Train Epoch: 4 [21760/60000 (36%)]	Loss: 0.805641
Train Epoch: 4 [22400/60000 (37%)]	Loss: 0.913195
Train Epoch: 4 [23040/60000 (38%)]	Loss: 1.060733
Train Epoch: 4 [23680/60000 (39%)]	Loss: 1.263310
Train Epoch: 4 [24320/60000 (41%)]	Loss: 0.869888
Train Epoch: 4 [24960/60000 (42%)]	Loss: 1.116355
Train Epoch: 4 [25600/60000 (43%)]	Loss: 1.104081
Train Epoch: 4 [26240/60000 (44%)]	Loss: 1.091608
Train Epoch: 4 [26880/60000 (45%)]	Loss: 1.109628
Train Epoch: 4 [27520/60000 (46%)]	Loss: 0.953557
Train Epoch: 4 [28160/60000 (47%)]	Loss: 1.143771
Train Epoch: 4 [28800/60000 (48%)]	Loss: 1.090118
Train Epoch: 4 [29440/60000 (49%)]	Loss: 0.729506
Train Epoch: 4 [30080/60000 (50%)]	Loss: 1.343904
Train Epoch: 4 [30720/60000 (51%)]	Loss: 0.903817
Train Epoch: 4 [31360/60000 (52%)]	Loss: 1.245056
Train Epoch: 4 [32000/60000 (53%)]	Loss: 1.175547
Train Epoch: 4 [32640/60000 (54%)]	Loss: 1.211068
Train Epoch: 4 [33280/60000 (55%)]	Loss: 1.037972
Train Epoch: 4 [33920/60000 (57%)]	Loss: 0.783765
Train Epoch: 4 [34560/60000 (58%)]	Loss: 0.931070
Train Epoch: 4 [35200/60000 (59%)]	Loss: 1.121425
Train Epoch: 4 [35840/60000 (60%)]	Loss: 0.918677
Train Epoch: 4 [36480/60000 (61%)]	Loss: 1.269331
Train Epoch: 4 [37120/60000 (62%)]	Loss: 1.150888
Train Epoch: 4 [37760/60000 (63%)]	Loss: 1.113577
Train Epoch: 4 [38400/60000 (64%)]	Loss: 0.985709
Train Epoch: 4 [39040/60000 (65%)]	Loss: 0.761322
Train Epoch: 4 [39680/60000 (66%)]	Loss: 1.016436
Train Epoch: 4 [40320/60000 (67%)]	Loss: 0.749131
Train Epoch: 4 [40960/60000 (68%)]	Loss: 1.067042
Train Epoch: 4 [41600/60000 (69%)]	Loss: 1.235839
Train Epoch: 4 [42240/60000 (70%)]	Loss: 1.247782
Train Epoch: 4 [42880/60000 (71%)]	Loss: 1.195573
Train Epoch: 4 [43520/60000 (72%)]	Loss: 0.727843
Train Epoch: 4 [44160/60000 (74%)]	Loss: 0.982001
Train Epoch: 4 [44800/60000 (75%)]	Loss: 1.041886
Train Epoch: 4 [45440/60000 (76%)]	Loss: 1.085378
Train Epoch: 4 [46080/60000 (77%)]	Loss: 0.992315
Train Epoch: 4 [46720/60000 (78%)]	Loss: 1.115845
Train Epoch: 4 [47360/60000 (79%)]	Loss: 1.053863
Train Epoch: 4 [48000/60000 (80%)]	Loss: 0.946363
Train Epoch: 4 [48640/60000 (81%)]	Loss: 1.028648
Train Epoch: 4 [49280/60000 (82%)]	Loss: 0.737281
Train Epoch: 4 [49920/60000 (83%)]	Loss: 0.832634
Train Epoch: 4 [50560/60000 (84%)]	Loss: 0.947476
Train Epoch: 4 [51200/60000 (85%)]	Loss: 1.141279
Train Epoch: 4 [51840/60000 (86%)]	Loss: 0.931264
Train Epoch: 4 [52480/60000 (87%)]	Loss: 0.651103
Train Epoch: 4 [53120/60000 (88%)]	Loss: 0.953889
Train Epoch: 4 [53760/60000 (90%)]	Loss: 0.771690
Train Epoch: 4 [54400/60000 (91%)]	Loss: 1.078901
Train Epoch: 4 [55040/60000 (92%)]	Loss: 0.849965
Train Epoch: 4 [55680/60000 (93%)]	Loss: 0.936798
Train Epoch: 4 [56320/60000 (94%)]	Loss: 1.168520
Train Epoch: 4 [56960/60000 (95%)]	Loss: 1.141268
Train Epoch: 4 [57600/60000 (96%)]	Loss: 1.148439
Train Epoch: 4 [58240/60000 (97%)]	Loss: 0.820635
Train Epoch: 4 [58880/60000 (98%)]	Loss: 0.543603
Train Epoch: 4 [59520/60000 (99%)]	Loss: 0.724577

Test set: Average loss: 0.5524, Accuracy: 8555/10000 (86%)

Train Epoch: 5 [0/60000 (0%)]	Loss: 0.909988
Train Epoch: 5 [640/60000 (1%)]	Loss: 1.220342
Train Epoch: 5 [1280/60000 (2%)]	Loss: 0.990045
Train Epoch: 5 [1920/60000 (3%)]	Loss: 0.937753
Train Epoch: 5 [2560/60000 (4%)]	Loss: 0.620439
Train Epoch: 5 [3200/60000 (5%)]	Loss: 1.056449
Train Epoch: 5 [3840/60000 (6%)]	Loss: 0.642515
Train Epoch: 5 [4480/60000 (7%)]	Loss: 0.770492
Train Epoch: 5 [5120/60000 (9%)]	Loss: 1.362373
Train Epoch: 5 [5760/60000 (10%)]	Loss: 1.217745
Train Epoch: 5 [6400/60000 (11%)]	Loss: 0.876546
Train Epoch: 5 [7040/60000 (12%)]	Loss: 0.868710
Train Epoch: 5 [7680/60000 (13%)]	Loss: 1.073497
Train Epoch: 5 [8320/60000 (14%)]	Loss: 0.948409
Train Epoch: 5 [8960/60000 (15%)]	Loss: 0.788817
Train Epoch: 5 [9600/60000 (16%)]	Loss: 0.909200
Train Epoch: 5 [10240/60000 (17%)]	Loss: 1.068777
Train Epoch: 5 [10880/60000 (18%)]	Loss: 0.889792
Train Epoch: 5 [11520/60000 (19%)]	Loss: 1.032463
Train Epoch: 5 [12160/60000 (20%)]	Loss: 0.982676
Train Epoch: 5 [12800/60000 (21%)]	Loss: 1.130043
Train Epoch: 5 [13440/60000 (22%)]	Loss: 0.840163
Train Epoch: 5 [14080/60000 (23%)]	Loss: 0.958907
Train Epoch: 5 [14720/60000 (25%)]	Loss: 1.366375
Train Epoch: 5 [15360/60000 (26%)]	Loss: 0.866804
Train Epoch: 5 [16000/60000 (27%)]	Loss: 1.468468
Train Epoch: 5 [16640/60000 (28%)]	Loss: 0.874247
Train Epoch: 5 [17280/60000 (29%)]	Loss: 0.796475
Train Epoch: 5 [17920/60000 (30%)]	Loss: 0.876561
Train Epoch: 5 [18560/60000 (31%)]	Loss: 0.940229
Train Epoch: 5 [19200/60000 (32%)]	Loss: 1.062090
Train Epoch: 5 [19840/60000 (33%)]	Loss: 1.073465
Train Epoch: 5 [20480/60000 (34%)]	Loss: 0.683028
Train Epoch: 5 [21120/60000 (35%)]	Loss: 0.725501
Train Epoch: 5 [21760/60000 (36%)]	Loss: 0.672955
Train Epoch: 5 [22400/60000 (37%)]	Loss: 1.000424
Train Epoch: 5 [23040/60000 (38%)]	Loss: 1.199527
Train Epoch: 5 [23680/60000 (39%)]	Loss: 1.160408
Train Epoch: 5 [24320/60000 (41%)]	Loss: 0.823224
Train Epoch: 5 [24960/60000 (42%)]	Loss: 0.968023
Train Epoch: 5 [25600/60000 (43%)]	Loss: 1.065682
Train Epoch: 5 [26240/60000 (44%)]	Loss: 0.694829
Train Epoch: 5 [26880/60000 (45%)]	Loss: 0.988498
Train Epoch: 5 [27520/60000 (46%)]	Loss: 0.597821
Train Epoch: 5 [28160/60000 (47%)]	Loss: 1.132759
Train Epoch: 5 [28800/60000 (48%)]	Loss: 0.766881
Train Epoch: 5 [29440/60000 (49%)]	Loss: 0.927770
Train Epoch: 5 [30080/60000 (50%)]	Loss: 1.156362
Train Epoch: 5 [30720/60000 (51%)]	Loss: 1.058969
Train Epoch: 5 [31360/60000 (52%)]	Loss: 1.094397
Train Epoch: 5 [32000/60000 (53%)]	Loss: 1.051303
Train Epoch: 5 [32640/60000 (54%)]	Loss: 1.295965
Train Epoch: 5 [33280/60000 (55%)]	Loss: 1.153630
Train Epoch: 5 [33920/60000 (57%)]	Loss: 0.778609
Train Epoch: 5 [34560/60000 (58%)]	Loss: 0.941904
Train Epoch: 5 [35200/60000 (59%)]	Loss: 1.105743
Train Epoch: 5 [35840/60000 (60%)]	Loss: 0.881193
Train Epoch: 5 [36480/60000 (61%)]	Loss: 0.992367
Train Epoch: 5 [37120/60000 (62%)]	Loss: 1.162765
Train Epoch: 5 [37760/60000 (63%)]	Loss: 1.243107
Train Epoch: 5 [38400/60000 (64%)]	Loss: 0.816888
Train Epoch: 5 [39040/60000 (65%)]	Loss: 0.677356
Train Epoch: 5 [39680/60000 (66%)]	Loss: 0.873800
Train Epoch: 5 [40320/60000 (67%)]	Loss: 0.676836
Train Epoch: 5 [40960/60000 (68%)]	Loss: 1.082765
Train Epoch: 5 [41600/60000 (69%)]	Loss: 0.797187
Train Epoch: 5 [42240/60000 (70%)]	Loss: 1.096618
Train Epoch: 5 [42880/60000 (71%)]	Loss: 1.008796
Train Epoch: 5 [43520/60000 (72%)]	Loss: 0.834973
Train Epoch: 5 [44160/60000 (74%)]	Loss: 1.017303
Train Epoch: 5 [44800/60000 (75%)]	Loss: 1.133618
Train Epoch: 5 [45440/60000 (76%)]	Loss: 1.261888
Train Epoch: 5 [46080/60000 (77%)]	Loss: 1.193702
Train Epoch: 5 [46720/60000 (78%)]	Loss: 1.013717
Train Epoch: 5 [47360/60000 (79%)]	Loss: 1.154865
Train Epoch: 5 [48000/60000 (80%)]	Loss: 0.858257
Train Epoch: 5 [48640/60000 (81%)]	Loss: 1.002748
Train Epoch: 5 [49280/60000 (82%)]	Loss: 0.941890
Train Epoch: 5 [49920/60000 (83%)]	Loss: 0.967186
Train Epoch: 5 [50560/60000 (84%)]	Loss: 0.981535
Train Epoch: 5 [51200/60000 (85%)]	Loss: 1.003732
Train Epoch: 5 [51840/60000 (86%)]	Loss: 0.854379
Train Epoch: 5 [52480/60000 (87%)]	Loss: 0.687500
Train Epoch: 5 [53120/60000 (88%)]	Loss: 1.073700
Train Epoch: 5 [53760/60000 (90%)]	Loss: 0.795646
Train Epoch: 5 [54400/60000 (91%)]	Loss: 0.827855
Train Epoch: 5 [55040/60000 (92%)]	Loss: 0.802232
Train Epoch: 5 [55680/60000 (93%)]	Loss: 0.944559
Train Epoch: 5 [56320/60000 (94%)]	Loss: 1.018989
Train Epoch: 5 [56960/60000 (95%)]	Loss: 0.980946
Train Epoch: 5 [57600/60000 (96%)]	Loss: 1.075018
Train Epoch: 5 [58240/60000 (97%)]	Loss: 0.821072
Train Epoch: 5 [58880/60000 (98%)]	Loss: 0.567776
Train Epoch: 5 [59520/60000 (99%)]	Loss: 0.602805

Test set: Average loss: 0.5194, Accuracy: 8580/10000 (86%)

Train Epoch: 6 [0/60000 (0%)]	Loss: 0.893381
Train Epoch: 6 [640/60000 (1%)]	Loss: 1.021663
Train Epoch: 6 [1280/60000 (2%)]	Loss: 0.887324
Train Epoch: 6 [1920/60000 (3%)]	Loss: 0.941689
Train Epoch: 6 [2560/60000 (4%)]	Loss: 0.849088
Train Epoch: 6 [3200/60000 (5%)]	Loss: 1.064811
Train Epoch: 6 [3840/60000 (6%)]	Loss: 0.908363
Train Epoch: 6 [4480/60000 (7%)]	Loss: 0.798738
Train Epoch: 6 [5120/60000 (9%)]	Loss: 1.295104
Train Epoch: 6 [5760/60000 (10%)]	Loss: 1.051970
Train Epoch: 6 [6400/60000 (11%)]	Loss: 0.736147
Train Epoch: 6 [7040/60000 (12%)]	Loss: 0.928969
Train Epoch: 6 [7680/60000 (13%)]	Loss: 0.838580
Train Epoch: 6 [8320/60000 (14%)]	Loss: 1.025771
Train Epoch: 6 [8960/60000 (15%)]	Loss: 0.804764
Train Epoch: 6 [9600/60000 (16%)]	Loss: 0.949388
Train Epoch: 6 [10240/60000 (17%)]	Loss: 1.083173
Train Epoch: 6 [10880/60000 (18%)]	Loss: 0.885591
Train Epoch: 6 [11520/60000 (19%)]	Loss: 1.054204
Train Epoch: 6 [12160/60000 (20%)]	Loss: 0.988838
Train Epoch: 6 [12800/60000 (21%)]	Loss: 0.821841
Train Epoch: 6 [13440/60000 (22%)]	Loss: 0.687469
Train Epoch: 6 [14080/60000 (23%)]	Loss: 0.788305
Train Epoch: 6 [14720/60000 (25%)]	Loss: 1.054515
Train Epoch: 6 [15360/60000 (26%)]	Loss: 0.824790
Train Epoch: 6 [16000/60000 (27%)]	Loss: 1.288944
Train Epoch: 6 [16640/60000 (28%)]	Loss: 0.883682
Train Epoch: 6 [17280/60000 (29%)]	Loss: 0.982760
Train Epoch: 6 [17920/60000 (30%)]	Loss: 0.819149
Train Epoch: 6 [18560/60000 (31%)]	Loss: 0.891765
Train Epoch: 6 [19200/60000 (32%)]	Loss: 1.163782
Train Epoch: 6 [19840/60000 (33%)]	Loss: 0.705653
Train Epoch: 6 [20480/60000 (34%)]	Loss: 0.991880
Train Epoch: 6 [21120/60000 (35%)]	Loss: 0.987557
Train Epoch: 6 [21760/60000 (36%)]	Loss: 0.652772
Train Epoch: 6 [22400/60000 (37%)]	Loss: 0.847834
Train Epoch: 6 [23040/60000 (38%)]	Loss: 1.310955
Train Epoch: 6 [23680/60000 (39%)]	Loss: 1.234036
Train Epoch: 6 [24320/60000 (41%)]	Loss: 0.925108
Train Epoch: 6 [24960/60000 (42%)]	Loss: 0.954453
Train Epoch: 6 [25600/60000 (43%)]	Loss: 0.981306
Train Epoch: 6 [26240/60000 (44%)]	Loss: 0.866631
Train Epoch: 6 [26880/60000 (45%)]	Loss: 0.956405
Train Epoch: 6 [27520/60000 (46%)]	Loss: 0.813164
Train Epoch: 6 [28160/60000 (47%)]	Loss: 0.901553
Train Epoch: 6 [28800/60000 (48%)]	Loss: 0.700007
Train Epoch: 6 [29440/60000 (49%)]	Loss: 0.853344
Train Epoch: 6 [30080/60000 (50%)]	Loss: 1.144525
Train Epoch: 6 [30720/60000 (51%)]	Loss: 0.827794
Train Epoch: 6 [31360/60000 (52%)]	Loss: 1.265640
Train Epoch: 6 [32000/60000 (53%)]	Loss: 1.019260
Train Epoch: 6 [32640/60000 (54%)]	Loss: 1.004683
Train Epoch: 6 [33280/60000 (55%)]	Loss: 1.141817
Train Epoch: 6 [33920/60000 (57%)]	Loss: 0.696355
Train Epoch: 6 [34560/60000 (58%)]	Loss: 0.987564
Train Epoch: 6 [35200/60000 (59%)]	Loss: 1.091008
Train Epoch: 6 [35840/60000 (60%)]	Loss: 0.909490
Train Epoch: 6 [36480/60000 (61%)]	Loss: 0.913950
Train Epoch: 6 [37120/60000 (62%)]	Loss: 1.009145
Train Epoch: 6 [37760/60000 (63%)]	Loss: 0.872090
Train Epoch: 6 [38400/60000 (64%)]	Loss: 0.836130
Train Epoch: 6 [39040/60000 (65%)]	Loss: 0.523439
Train Epoch: 6 [39680/60000 (66%)]	Loss: 0.928704
Train Epoch: 6 [40320/60000 (67%)]	Loss: 0.730784
Train Epoch: 6 [40960/60000 (68%)]	Loss: 0.855310
Train Epoch: 6 [41600/60000 (69%)]	Loss: 0.833798
Train Epoch: 6 [42240/60000 (70%)]	Loss: 0.923760
Train Epoch: 6 [42880/60000 (71%)]	Loss: 0.959397
Train Epoch: 6 [43520/60000 (72%)]	Loss: 0.716410
Train Epoch: 6 [44160/60000 (74%)]	Loss: 1.160658
Train Epoch: 6 [44800/60000 (75%)]	Loss: 1.049217
Train Epoch: 6 [45440/60000 (76%)]	Loss: 1.096217
Train Epoch: 6 [46080/60000 (77%)]	Loss: 0.937378
Train Epoch: 6 [46720/60000 (78%)]	Loss: 1.329418
Train Epoch: 6 [47360/60000 (79%)]	Loss: 0.905963
Train Epoch: 6 [48000/60000 (80%)]	Loss: 0.769623
Train Epoch: 6 [48640/60000 (81%)]	Loss: 0.850362
Train Epoch: 6 [49280/60000 (82%)]	Loss: 0.776702
Train Epoch: 6 [49920/60000 (83%)]	Loss: 0.900272
Train Epoch: 6 [50560/60000 (84%)]	Loss: 1.035347
Train Epoch: 6 [51200/60000 (85%)]	Loss: 1.191892
Train Epoch: 6 [51840/60000 (86%)]	Loss: 1.009707
Train Epoch: 6 [52480/60000 (87%)]	Loss: 0.720617
Train Epoch: 6 [53120/60000 (88%)]	Loss: 1.005095
Train Epoch: 6 [53760/60000 (90%)]	Loss: 0.577147
Train Epoch: 6 [54400/60000 (91%)]	Loss: 0.954059
Train Epoch: 6 [55040/60000 (92%)]	Loss: 0.897593
Train Epoch: 6 [55680/60000 (93%)]	Loss: 0.993229
Train Epoch: 6 [56320/60000 (94%)]	Loss: 1.194449
Train Epoch: 6 [56960/60000 (95%)]	Loss: 0.902159
Train Epoch: 6 [57600/60000 (96%)]	Loss: 0.885164
Train Epoch: 6 [58240/60000 (97%)]	Loss: 0.766807
Train Epoch: 6 [58880/60000 (98%)]	Loss: 0.650516
Train Epoch: 6 [59520/60000 (99%)]	Loss: 0.568683

Test set: Average loss: 0.4970, Accuracy: 8600/10000 (86%)

Train Epoch: 7 [0/60000 (0%)]	Loss: 0.801644
Train Epoch: 7 [640/60000 (1%)]	Loss: 0.944680
Train Epoch: 7 [1280/60000 (2%)]	Loss: 0.905948
Train Epoch: 7 [1920/60000 (3%)]	Loss: 0.837685
Train Epoch: 7 [2560/60000 (4%)]	Loss: 0.681725
Train Epoch: 7 [3200/60000 (5%)]	Loss: 1.126671
Train Epoch: 7 [3840/60000 (6%)]	Loss: 0.668681
Train Epoch: 7 [4480/60000 (7%)]	Loss: 0.765802
Train Epoch: 7 [5120/60000 (9%)]	Loss: 1.383273
Train Epoch: 7 [5760/60000 (10%)]	Loss: 0.932620
Train Epoch: 7 [6400/60000 (11%)]	Loss: 1.015837
Train Epoch: 7 [7040/60000 (12%)]	Loss: 0.782841
Train Epoch: 7 [7680/60000 (13%)]	Loss: 0.897348
Train Epoch: 7 [8320/60000 (14%)]	Loss: 1.017617
Train Epoch: 7 [8960/60000 (15%)]	Loss: 0.714309
Train Epoch: 7 [9600/60000 (16%)]	Loss: 0.915617
Train Epoch: 7 [10240/60000 (17%)]	Loss: 1.003326
Train Epoch: 7 [10880/60000 (18%)]	Loss: 0.797269
Train Epoch: 7 [11520/60000 (19%)]	Loss: 1.089127
Train Epoch: 7 [12160/60000 (20%)]	Loss: 0.873951
Train Epoch: 7 [12800/60000 (21%)]	Loss: 0.997146
Train Epoch: 7 [13440/60000 (22%)]	Loss: 0.898882
Train Epoch: 7 [14080/60000 (23%)]	Loss: 0.978939
Train Epoch: 7 [14720/60000 (25%)]	Loss: 1.132893
Train Epoch: 7 [15360/60000 (26%)]	Loss: 0.913337
Train Epoch: 7 [16000/60000 (27%)]	Loss: 1.249643
Train Epoch: 7 [16640/60000 (28%)]	Loss: 0.915310
Train Epoch: 7 [17280/60000 (29%)]	Loss: 0.695239
Train Epoch: 7 [17920/60000 (30%)]	Loss: 0.854305
Train Epoch: 7 [18560/60000 (31%)]	Loss: 0.919460
Train Epoch: 7 [19200/60000 (32%)]	Loss: 1.068174
Train Epoch: 7 [19840/60000 (33%)]	Loss: 0.618092
Train Epoch: 7 [20480/60000 (34%)]	Loss: 0.870200
Train Epoch: 7 [21120/60000 (35%)]	Loss: 0.875407
Train Epoch: 7 [21760/60000 (36%)]	Loss: 0.502523
Train Epoch: 7 [22400/60000 (37%)]	Loss: 0.769027
Train Epoch: 7 [23040/60000 (38%)]	Loss: 1.069852
Train Epoch: 7 [23680/60000 (39%)]	Loss: 1.099487
Train Epoch: 7 [24320/60000 (41%)]	Loss: 0.912835
Train Epoch: 7 [24960/60000 (42%)]	Loss: 1.199625
Train Epoch: 7 [25600/60000 (43%)]	Loss: 0.995289
Train Epoch: 7 [26240/60000 (44%)]	Loss: 0.911000
Train Epoch: 7 [26880/60000 (45%)]	Loss: 1.185213
Train Epoch: 7 [27520/60000 (46%)]	Loss: 0.653039
Train Epoch: 7 [28160/60000 (47%)]	Loss: 0.867082
Train Epoch: 7 [28800/60000 (48%)]	Loss: 0.809000
Train Epoch: 7 [29440/60000 (49%)]	Loss: 0.697083
Train Epoch: 7 [30080/60000 (50%)]	Loss: 1.167041
Train Epoch: 7 [30720/60000 (51%)]	Loss: 0.891889
Train Epoch: 7 [31360/60000 (52%)]	Loss: 1.241152
Train Epoch: 7 [32000/60000 (53%)]	Loss: 0.932471
Train Epoch: 7 [32640/60000 (54%)]	Loss: 0.986374
Train Epoch: 7 [33280/60000 (55%)]	Loss: 0.877972
Train Epoch: 7 [33920/60000 (57%)]	Loss: 0.735254
Train Epoch: 7 [34560/60000 (58%)]	Loss: 0.723725
Train Epoch: 7 [35200/60000 (59%)]	Loss: 1.047967
Train Epoch: 7 [35840/60000 (60%)]	Loss: 0.920450
Train Epoch: 7 [36480/60000 (61%)]	Loss: 0.914738
Train Epoch: 7 [37120/60000 (62%)]	Loss: 0.976974
Train Epoch: 7 [37760/60000 (63%)]	Loss: 1.041615
Train Epoch: 7 [38400/60000 (64%)]	Loss: 0.873235
Train Epoch: 7 [39040/60000 (65%)]	Loss: 0.708331
Train Epoch: 7 [39680/60000 (66%)]	Loss: 0.832590
Train Epoch: 7 [40320/60000 (67%)]	Loss: 0.809539
Train Epoch: 7 [40960/60000 (68%)]	Loss: 0.981889
Train Epoch: 7 [41600/60000 (69%)]	Loss: 0.859474
Train Epoch: 7 [42240/60000 (70%)]	Loss: 1.108065
Train Epoch: 7 [42880/60000 (71%)]	Loss: 1.018014
Train Epoch: 7 [43520/60000 (72%)]	Loss: 0.840999
Train Epoch: 7 [44160/60000 (74%)]	Loss: 1.081533
Train Epoch: 7 [44800/60000 (75%)]	Loss: 0.966915
Train Epoch: 7 [45440/60000 (76%)]	Loss: 1.178768
Train Epoch: 7 [46080/60000 (77%)]	Loss: 1.072514
Train Epoch: 7 [46720/60000 (78%)]	Loss: 0.931365
Train Epoch: 7 [47360/60000 (79%)]	Loss: 1.212932
Train Epoch: 7 [48000/60000 (80%)]	Loss: 0.782755
Train Epoch: 7 [48640/60000 (81%)]	Loss: 0.820251
Train Epoch: 7 [49280/60000 (82%)]	Loss: 0.799974
Train Epoch: 7 [49920/60000 (83%)]	Loss: 0.968660
Train Epoch: 7 [50560/60000 (84%)]	Loss: 0.843407
Train Epoch: 7 [51200/60000 (85%)]	Loss: 1.074805
Train Epoch: 7 [51840/60000 (86%)]	Loss: 0.835938
Train Epoch: 7 [52480/60000 (87%)]	Loss: 0.770203
Train Epoch: 7 [53120/60000 (88%)]	Loss: 0.990643
Train Epoch: 7 [53760/60000 (90%)]	Loss: 0.869987
Train Epoch: 7 [54400/60000 (91%)]	Loss: 1.029917
Train Epoch: 7 [55040/60000 (92%)]	Loss: 0.869091
Train Epoch: 7 [55680/60000 (93%)]	Loss: 1.126653
Train Epoch: 7 [56320/60000 (94%)]	Loss: 0.907367
Train Epoch: 7 [56960/60000 (95%)]	Loss: 0.944611
Train Epoch: 7 [57600/60000 (96%)]	Loss: 1.025383
Train Epoch: 7 [58240/60000 (97%)]	Loss: 0.638934
Train Epoch: 7 [58880/60000 (98%)]	Loss: 0.487098
Train Epoch: 7 [59520/60000 (99%)]	Loss: 0.579820

Test set: Average loss: 0.4879, Accuracy: 8657/10000 (87%)

Train Epoch: 8 [0/60000 (0%)]	Loss: 1.172145
Train Epoch: 8 [640/60000 (1%)]	Loss: 1.064732
Train Epoch: 8 [1280/60000 (2%)]	Loss: 0.877476
Train Epoch: 8 [1920/60000 (3%)]	Loss: 0.740668
Train Epoch: 8 [2560/60000 (4%)]	Loss: 0.888784
Train Epoch: 8 [3200/60000 (5%)]	Loss: 1.011245
Train Epoch: 8 [3840/60000 (6%)]	Loss: 0.713698
Train Epoch: 8 [4480/60000 (7%)]	Loss: 0.950139
Train Epoch: 8 [5120/60000 (9%)]	Loss: 1.220485
Train Epoch: 8 [5760/60000 (10%)]	Loss: 0.788348
Train Epoch: 8 [6400/60000 (11%)]	Loss: 0.812922
Train Epoch: 8 [7040/60000 (12%)]	Loss: 0.764990
Train Epoch: 8 [7680/60000 (13%)]	Loss: 0.940414
Train Epoch: 8 [8320/60000 (14%)]	Loss: 0.853582
Train Epoch: 8 [8960/60000 (15%)]	Loss: 0.655823
Train Epoch: 8 [9600/60000 (16%)]	Loss: 0.903082
Train Epoch: 8 [10240/60000 (17%)]	Loss: 1.242162
Train Epoch: 8 [10880/60000 (18%)]	Loss: 0.916235
Train Epoch: 8 [11520/60000 (19%)]	Loss: 0.968054
Train Epoch: 8 [12160/60000 (20%)]	Loss: 0.962629
Train Epoch: 8 [12800/60000 (21%)]	Loss: 0.853480
Train Epoch: 8 [13440/60000 (22%)]	Loss: 0.867311
Train Epoch: 8 [14080/60000 (23%)]	Loss: 1.109091
Train Epoch: 8 [14720/60000 (25%)]	Loss: 1.335565
Train Epoch: 8 [15360/60000 (26%)]	Loss: 0.984132
Train Epoch: 8 [16000/60000 (27%)]	Loss: 1.185593
Train Epoch: 8 [16640/60000 (28%)]	Loss: 0.747427
Train Epoch: 8 [17280/60000 (29%)]	Loss: 0.801972
Train Epoch: 8 [17920/60000 (30%)]	Loss: 0.933568
Train Epoch: 8 [18560/60000 (31%)]	Loss: 0.887392
Train Epoch: 8 [19200/60000 (32%)]	Loss: 0.877141
Train Epoch: 8 [19840/60000 (33%)]	Loss: 0.756480
Train Epoch: 8 [20480/60000 (34%)]	Loss: 0.704729
Train Epoch: 8 [21120/60000 (35%)]	Loss: 0.715051
Train Epoch: 8 [21760/60000 (36%)]	Loss: 0.613407
Train Epoch: 8 [22400/60000 (37%)]	Loss: 0.789564
Train Epoch: 8 [23040/60000 (38%)]	Loss: 0.869995
Train Epoch: 8 [23680/60000 (39%)]	Loss: 1.233348
Train Epoch: 8 [24320/60000 (41%)]	Loss: 0.857470
Train Epoch: 8 [24960/60000 (42%)]	Loss: 0.801616
Train Epoch: 8 [25600/60000 (43%)]	Loss: 1.112293
Train Epoch: 8 [26240/60000 (44%)]	Loss: 1.021245
Train Epoch: 8 [26880/60000 (45%)]	Loss: 1.008426
Train Epoch: 8 [27520/60000 (46%)]	Loss: 0.591419
Train Epoch: 8 [28160/60000 (47%)]	Loss: 0.955913
Train Epoch: 8 [28800/60000 (48%)]	Loss: 0.975830
Train Epoch: 8 [29440/60000 (49%)]	Loss: 0.646923
Train Epoch: 8 [30080/60000 (50%)]	Loss: 1.231866
Train Epoch: 8 [30720/60000 (51%)]	Loss: 0.929515
Train Epoch: 8 [31360/60000 (52%)]	Loss: 1.114390
Train Epoch: 8 [32000/60000 (53%)]	Loss: 0.820628
Train Epoch: 8 [32640/60000 (54%)]	Loss: 1.004828
Train Epoch: 8 [33280/60000 (55%)]	Loss: 0.894474
Train Epoch: 8 [33920/60000 (57%)]	Loss: 0.666208
Train Epoch: 8 [34560/60000 (58%)]	Loss: 0.843247
Train Epoch: 8 [35200/60000 (59%)]	Loss: 0.975442
Train Epoch: 8 [35840/60000 (60%)]	Loss: 0.987169
Train Epoch: 8 [36480/60000 (61%)]	Loss: 1.003208
Train Epoch: 8 [37120/60000 (62%)]	Loss: 0.973623
Train Epoch: 8 [37760/60000 (63%)]	Loss: 0.994517
Train Epoch: 8 [38400/60000 (64%)]	Loss: 1.008986
Train Epoch: 8 [39040/60000 (65%)]	Loss: 0.648197
Train Epoch: 8 [39680/60000 (66%)]	Loss: 0.830944
Train Epoch: 8 [40320/60000 (67%)]	Loss: 0.818802
Train Epoch: 8 [40960/60000 (68%)]	Loss: 1.009639
Train Epoch: 8 [41600/60000 (69%)]	Loss: 0.890871
Train Epoch: 8 [42240/60000 (70%)]	Loss: 1.157606
Train Epoch: 8 [42880/60000 (71%)]	Loss: 1.139523
Train Epoch: 8 [43520/60000 (72%)]	Loss: 0.811116
Train Epoch: 8 [44160/60000 (74%)]	Loss: 1.041803
Train Epoch: 8 [44800/60000 (75%)]	Loss: 0.813433
Train Epoch: 8 [45440/60000 (76%)]	Loss: 1.002001
Train Epoch: 8 [46080/60000 (77%)]	Loss: 1.081128
Train Epoch: 8 [46720/60000 (78%)]	Loss: 1.043340
Train Epoch: 8 [47360/60000 (79%)]	Loss: 0.811794
Train Epoch: 8 [48000/60000 (80%)]	Loss: 0.739546
Train Epoch: 8 [48640/60000 (81%)]	Loss: 0.896021
Train Epoch: 8 [49280/60000 (82%)]	Loss: 0.758888
Train Epoch: 8 [49920/60000 (83%)]	Loss: 0.986466
Train Epoch: 8 [50560/60000 (84%)]	Loss: 0.914669
Train Epoch: 8 [51200/60000 (85%)]	Loss: 0.872650
Train Epoch: 8 [51840/60000 (86%)]	Loss: 0.960649
Train Epoch: 8 [52480/60000 (87%)]	Loss: 0.602269
Train Epoch: 8 [53120/60000 (88%)]	Loss: 1.075954
Train Epoch: 8 [53760/60000 (90%)]	Loss: 0.718487
Train Epoch: 8 [54400/60000 (91%)]	Loss: 0.649975
Train Epoch: 8 [55040/60000 (92%)]	Loss: 0.853828
Train Epoch: 8 [55680/60000 (93%)]	Loss: 0.869980
Train Epoch: 8 [56320/60000 (94%)]	Loss: 0.812343
Train Epoch: 8 [56960/60000 (95%)]	Loss: 0.934999
Train Epoch: 8 [57600/60000 (96%)]	Loss: 0.865793
Train Epoch: 8 [58240/60000 (97%)]	Loss: 0.746971
Train Epoch: 8 [58880/60000 (98%)]	Loss: 0.647201
Train Epoch: 8 [59520/60000 (99%)]	Loss: 0.464025

Test set: Average loss: 0.4771, Accuracy: 8666/10000 (87%)

Train Epoch: 9 [0/60000 (0%)]	Loss: 0.898590
Train Epoch: 9 [640/60000 (1%)]	Loss: 0.693551
Train Epoch: 9 [1280/60000 (2%)]	Loss: 0.818285
Train Epoch: 9 [1920/60000 (3%)]	Loss: 0.924958
Train Epoch: 9 [2560/60000 (4%)]	Loss: 0.752918
Train Epoch: 9 [3200/60000 (5%)]	Loss: 0.896870
Train Epoch: 9 [3840/60000 (6%)]	Loss: 0.810154
Train Epoch: 9 [4480/60000 (7%)]	Loss: 0.789800
Train Epoch: 9 [5120/60000 (9%)]	Loss: 1.268780
Train Epoch: 9 [5760/60000 (10%)]	Loss: 1.017840
Train Epoch: 9 [6400/60000 (11%)]	Loss: 0.895304
Train Epoch: 9 [7040/60000 (12%)]	Loss: 0.933542
Train Epoch: 9 [7680/60000 (13%)]	Loss: 0.950667
Train Epoch: 9 [8320/60000 (14%)]	Loss: 0.922534
Train Epoch: 9 [8960/60000 (15%)]	Loss: 0.735517
Train Epoch: 9 [9600/60000 (16%)]	Loss: 0.790537
Train Epoch: 9 [10240/60000 (17%)]	Loss: 1.019017
Train Epoch: 9 [10880/60000 (18%)]	Loss: 0.912132
Train Epoch: 9 [11520/60000 (19%)]	Loss: 0.964894
Train Epoch: 9 [12160/60000 (20%)]	Loss: 0.864557
Train Epoch: 9 [12800/60000 (21%)]	Loss: 0.938092
Train Epoch: 9 [13440/60000 (22%)]	Loss: 0.842033
Train Epoch: 9 [14080/60000 (23%)]	Loss: 0.879214
Train Epoch: 9 [14720/60000 (25%)]	Loss: 1.326164
Train Epoch: 9 [15360/60000 (26%)]	Loss: 0.787466
Train Epoch: 9 [16000/60000 (27%)]	Loss: 1.215501
Train Epoch: 9 [16640/60000 (28%)]	Loss: 0.867563
Train Epoch: 9 [17280/60000 (29%)]	Loss: 0.829520
Train Epoch: 9 [17920/60000 (30%)]	Loss: 0.788027
Train Epoch: 9 [18560/60000 (31%)]	Loss: 0.831998
Train Epoch: 9 [19200/60000 (32%)]	Loss: 1.032471
Train Epoch: 9 [19840/60000 (33%)]	Loss: 0.816825
Train Epoch: 9 [20480/60000 (34%)]	Loss: 0.838137
Train Epoch: 9 [21120/60000 (35%)]	Loss: 0.839837
Train Epoch: 9 [21760/60000 (36%)]	Loss: 0.595771
Train Epoch: 9 [22400/60000 (37%)]	Loss: 1.123601
Train Epoch: 9 [23040/60000 (38%)]	Loss: 0.969184
Train Epoch: 9 [23680/60000 (39%)]	Loss: 1.293358
Train Epoch: 9 [24320/60000 (41%)]	Loss: 0.742683
Train Epoch: 9 [24960/60000 (42%)]	Loss: 0.946040
Train Epoch: 9 [25600/60000 (43%)]	Loss: 1.014114
Train Epoch: 9 [26240/60000 (44%)]	Loss: 0.867457
Train Epoch: 9 [26880/60000 (45%)]	Loss: 1.037877
Train Epoch: 9 [27520/60000 (46%)]	Loss: 0.757229
Train Epoch: 9 [28160/60000 (47%)]	Loss: 0.931226
Train Epoch: 9 [28800/60000 (48%)]	Loss: 0.877780
Train Epoch: 9 [29440/60000 (49%)]	Loss: 0.807784
Train Epoch: 9 [30080/60000 (50%)]	Loss: 0.958398
Train Epoch: 9 [30720/60000 (51%)]	Loss: 0.867784
Train Epoch: 9 [31360/60000 (52%)]	Loss: 1.096534
Train Epoch: 9 [32000/60000 (53%)]	Loss: 1.009765
Train Epoch: 9 [32640/60000 (54%)]	Loss: 0.945430
Train Epoch: 9 [33280/60000 (55%)]	Loss: 1.025768
Train Epoch: 9 [33920/60000 (57%)]	Loss: 0.805607
Train Epoch: 9 [34560/60000 (58%)]	Loss: 1.086493
Train Epoch: 9 [35200/60000 (59%)]	Loss: 0.995313
Train Epoch: 9 [35840/60000 (60%)]	Loss: 1.011913
Train Epoch: 9 [36480/60000 (61%)]	Loss: 1.016780
Train Epoch: 9 [37120/60000 (62%)]	Loss: 1.107421
Train Epoch: 9 [37760/60000 (63%)]	Loss: 1.012220
Train Epoch: 9 [38400/60000 (64%)]	Loss: 0.813561
Train Epoch: 9 [39040/60000 (65%)]	Loss: 0.643627
Train Epoch: 9 [39680/60000 (66%)]	Loss: 0.885930
Train Epoch: 9 [40320/60000 (67%)]	Loss: 0.778307
Train Epoch: 9 [40960/60000 (68%)]	Loss: 0.913031
Train Epoch: 9 [41600/60000 (69%)]	Loss: 0.725879
Train Epoch: 9 [42240/60000 (70%)]	Loss: 1.133310
Train Epoch: 9 [42880/60000 (71%)]	Loss: 0.911821
Train Epoch: 9 [43520/60000 (72%)]	Loss: 0.737735
Train Epoch: 9 [44160/60000 (74%)]	Loss: 0.991468
Train Epoch: 9 [44800/60000 (75%)]	Loss: 0.915785
Train Epoch: 9 [45440/60000 (76%)]	Loss: 1.064722
Train Epoch: 9 [46080/60000 (77%)]	Loss: 0.844184
Train Epoch: 9 [46720/60000 (78%)]	Loss: 1.129450
Train Epoch: 9 [47360/60000 (79%)]	Loss: 1.072649
Train Epoch: 9 [48000/60000 (80%)]	Loss: 0.864393
Train Epoch: 9 [48640/60000 (81%)]	Loss: 0.940561
Train Epoch: 9 [49280/60000 (82%)]	Loss: 0.839185
Train Epoch: 9 [49920/60000 (83%)]	Loss: 0.898066
Train Epoch: 9 [50560/60000 (84%)]	Loss: 0.995263
Train Epoch: 9 [51200/60000 (85%)]	Loss: 0.790164
Train Epoch: 9 [51840/60000 (86%)]	Loss: 0.837463
Train Epoch: 9 [52480/60000 (87%)]	Loss: 0.588207
Train Epoch: 9 [53120/60000 (88%)]	Loss: 1.027766
Train Epoch: 9 [53760/60000 (90%)]	Loss: 0.609531
Train Epoch: 9 [54400/60000 (91%)]	Loss: 0.784146
Train Epoch: 9 [55040/60000 (92%)]	Loss: 0.848400
Train Epoch: 9 [55680/60000 (93%)]	Loss: 0.936960
Train Epoch: 9 [56320/60000 (94%)]	Loss: 0.900603
Train Epoch: 9 [56960/60000 (95%)]	Loss: 0.885947
Train Epoch: 9 [57600/60000 (96%)]	Loss: 1.055293
Train Epoch: 9 [58240/60000 (97%)]	Loss: 0.794455
Train Epoch: 9 [58880/60000 (98%)]	Loss: 0.421453
Train Epoch: 9 [59520/60000 (99%)]	Loss: 0.587168

Test set: Average loss: 0.4723, Accuracy: 8723/10000 (87%)

Train Epoch: 10 [0/60000 (0%)]	Loss: 0.869577
Train Epoch: 10 [640/60000 (1%)]	Loss: 0.820248
Train Epoch: 10 [1280/60000 (2%)]	Loss: 0.796562
Train Epoch: 10 [1920/60000 (3%)]	Loss: 0.910109
Train Epoch: 10 [2560/60000 (4%)]	Loss: 0.749119
Train Epoch: 10 [3200/60000 (5%)]	Loss: 1.049506
Train Epoch: 10 [3840/60000 (6%)]	Loss: 0.772977
Train Epoch: 10 [4480/60000 (7%)]	Loss: 0.748583
Train Epoch: 10 [5120/60000 (9%)]	Loss: 1.294660
Train Epoch: 10 [5760/60000 (10%)]	Loss: 0.881843
Train Epoch: 10 [6400/60000 (11%)]	Loss: 0.891111
Train Epoch: 10 [7040/60000 (12%)]	Loss: 0.883218
Train Epoch: 10 [7680/60000 (13%)]	Loss: 0.893330
Train Epoch: 10 [8320/60000 (14%)]	Loss: 0.866722
Train Epoch: 10 [8960/60000 (15%)]	Loss: 0.726689
Train Epoch: 10 [9600/60000 (16%)]	Loss: 0.708019
Train Epoch: 10 [10240/60000 (17%)]	Loss: 1.001420
Train Epoch: 10 [10880/60000 (18%)]	Loss: 0.727217
Train Epoch: 10 [11520/60000 (19%)]	Loss: 1.053769
Train Epoch: 10 [12160/60000 (20%)]	Loss: 0.966534
Train Epoch: 10 [12800/60000 (21%)]	Loss: 0.900864
Train Epoch: 10 [13440/60000 (22%)]	Loss: 0.823420
Train Epoch: 10 [14080/60000 (23%)]	Loss: 0.861046
Train Epoch: 10 [14720/60000 (25%)]	Loss: 1.499667
Train Epoch: 10 [15360/60000 (26%)]	Loss: 0.782928
Train Epoch: 10 [16000/60000 (27%)]	Loss: 1.383680
Train Epoch: 10 [16640/60000 (28%)]	Loss: 0.832784
Train Epoch: 10 [17280/60000 (29%)]	Loss: 0.793373
Train Epoch: 10 [17920/60000 (30%)]	Loss: 0.923398
Train Epoch: 10 [18560/60000 (31%)]	Loss: 0.843635
Train Epoch: 10 [19200/60000 (32%)]	Loss: 0.889130
Train Epoch: 10 [19840/60000 (33%)]	Loss: 0.887885
Train Epoch: 10 [20480/60000 (34%)]	Loss: 0.750291
Train Epoch: 10 [21120/60000 (35%)]	Loss: 0.777583
Train Epoch: 10 [21760/60000 (36%)]	Loss: 0.529523
Train Epoch: 10 [22400/60000 (37%)]	Loss: 0.890292
Train Epoch: 10 [23040/60000 (38%)]	Loss: 1.093177
Train Epoch: 10 [23680/60000 (39%)]	Loss: 1.080419
Train Epoch: 10 [24320/60000 (41%)]	Loss: 0.693258
Train Epoch: 10 [24960/60000 (42%)]	Loss: 0.963827
Train Epoch: 10 [25600/60000 (43%)]	Loss: 0.868732
Train Epoch: 10 [26240/60000 (44%)]	Loss: 0.942306
Train Epoch: 10 [26880/60000 (45%)]	Loss: 1.101539
Train Epoch: 10 [27520/60000 (46%)]	Loss: 0.682817
Train Epoch: 10 [28160/60000 (47%)]	Loss: 0.976289
Train Epoch: 10 [28800/60000 (48%)]	Loss: 0.672667
Train Epoch: 10 [29440/60000 (49%)]	Loss: 0.718252
Train Epoch: 10 [30080/60000 (50%)]	Loss: 1.199053
Train Epoch: 10 [30720/60000 (51%)]	Loss: 0.887180
Train Epoch: 10 [31360/60000 (52%)]	Loss: 1.032083
Train Epoch: 10 [32000/60000 (53%)]	Loss: 1.158678
Train Epoch: 10 [32640/60000 (54%)]	Loss: 1.115813
Train Epoch: 10 [33280/60000 (55%)]	Loss: 1.024534
Train Epoch: 10 [33920/60000 (57%)]	Loss: 0.587176
Train Epoch: 10 [34560/60000 (58%)]	Loss: 0.837118
Train Epoch: 10 [35200/60000 (59%)]	Loss: 0.964294
Train Epoch: 10 [35840/60000 (60%)]	Loss: 0.659741
Train Epoch: 10 [36480/60000 (61%)]	Loss: 0.892898
Train Epoch: 10 [37120/60000 (62%)]	Loss: 1.022065
Train Epoch: 10 [37760/60000 (63%)]	Loss: 1.011622
Train Epoch: 10 [38400/60000 (64%)]	Loss: 0.909391
Train Epoch: 10 [39040/60000 (65%)]	Loss: 0.582912
Train Epoch: 10 [39680/60000 (66%)]	Loss: 0.728785
Train Epoch: 10 [40320/60000 (67%)]	Loss: 0.753938
Train Epoch: 10 [40960/60000 (68%)]	Loss: 0.917842
Train Epoch: 10 [41600/60000 (69%)]	Loss: 0.980300
Train Epoch: 10 [42240/60000 (70%)]	Loss: 1.009681
Train Epoch: 10 [42880/60000 (71%)]	Loss: 0.966779
Train Epoch: 10 [43520/60000 (72%)]	Loss: 0.957140
Train Epoch: 10 [44160/60000 (74%)]	Loss: 1.105514
Train Epoch: 10 [44800/60000 (75%)]	Loss: 0.948496
Train Epoch: 10 [45440/60000 (76%)]	Loss: 1.197276
Train Epoch: 10 [46080/60000 (77%)]	Loss: 0.895594
Train Epoch: 10 [46720/60000 (78%)]	Loss: 0.967561
Train Epoch: 10 [47360/60000 (79%)]	Loss: 0.886866
Train Epoch: 10 [48000/60000 (80%)]	Loss: 0.845782
Train Epoch: 10 [48640/60000 (81%)]	Loss: 0.831912
Train Epoch: 10 [49280/60000 (82%)]	Loss: 0.850432
Train Epoch: 10 [49920/60000 (83%)]	Loss: 0.772458
Train Epoch: 10 [50560/60000 (84%)]	Loss: 0.914369
Train Epoch: 10 [51200/60000 (85%)]	Loss: 1.078893
Train Epoch: 10 [51840/60000 (86%)]	Loss: 0.866420
Train Epoch: 10 [52480/60000 (87%)]	Loss: 0.685039
Train Epoch: 10 [53120/60000 (88%)]	Loss: 1.141577
Train Epoch: 10 [53760/60000 (90%)]	Loss: 0.713770
Train Epoch: 10 [54400/60000 (91%)]	Loss: 0.665057
Train Epoch: 10 [55040/60000 (92%)]	Loss: 0.809714
Train Epoch: 10 [55680/60000 (93%)]	Loss: 0.854387
Train Epoch: 10 [56320/60000 (94%)]	Loss: 0.637990
Train Epoch: 10 [56960/60000 (95%)]	Loss: 0.864315
Train Epoch: 10 [57600/60000 (96%)]	Loss: 0.849013
Train Epoch: 10 [58240/60000 (97%)]	Loss: 0.612083
Train Epoch: 10 [58880/60000 (98%)]	Loss: 0.571636
Train Epoch: 10 [59520/60000 (99%)]	Loss: 0.540932

Test set: Average loss: 0.4699, Accuracy: 8708/10000 (87%)
